<?xml version="1.0" encoding="UTF-8"?>
<testsuite xmlns:xsi="http://www.w3.org/2001/XMLSchema-instance" xsi:noNamespaceSchemaLocation="https://maven.apache.org/surefire/maven-surefire-plugin/xsd/surefire-test-report.xsd" name="com.example.springapp.SpringappApplicationTests" time="5.489" tests="2" errors="0" skipped="0" failures="2">
  <properties>
[...]
</properties>
  <testcase name="testUpdateMedicineApi" classname="com.example.springapp.SpringappApplicationTests" time="0.505">
    <failure message="Status expected:&lt;200&gt; but was:&lt;404&gt;" type="java.lang.AssertionError"><![CDATA[java.lang.AssertionError: Status expected:<200> but was:<404>
	at com.example.springapp.SpringappApplicationTests.testUpdateMedicineApi(SpringappApplicationTests.java:46)
]]></failure>
    <system-out><![CDATA[11:24:56.324 [main] DEBUG org.springframework.test.context.BootstrapUtils - Instantiating CacheAwareContextLoaderDelegate from class [org.springframework.test.context.cache.DefaultCacheAwareContextLoaderDelegate]
11:24:56.382 [main] DEBUG org.springframework.test.context.BootstrapUtils - Instantiating BootstrapContext using constructor [public org.springframework.test.context.support.DefaultBootstrapContext(java.lang.Class,org.springframework.test.context.CacheAwareContextLoaderDelegate)]
11:24:56.515 [main] DEBUG org.springframework.test.context.BootstrapUtils - Instantiating TestContextBootstrapper for test class [com.example.springapp.SpringappApplicationTests] from class [org.springframework.boot.test.context.SpringBootTestContextBootstrapper]
11:24:56.532 [main] INFO org.springframework.boot.test.context.SpringBootTestContextBootstrapper - Neither @ContextConfiguration nor @ContextHierarchy found for test class [com.example.springapp.SpringappApplicationTests], using SpringBootContextLoader
11:24:56.579 [main] DEBUG org.springframework.test.context.support.AbstractContextLoader - Did not detect default resource location for test class [com.example.springapp.SpringappApplicationTests]: class path resource [com/example/springapp/SpringappApplicationTests-context.xml] does not exist
11:24:56.580 [main] DEBUG org.springframework.test.context.support.AbstractContextLoader - Did not detect default resource location for test class [com.example.springapp.SpringappApplicationTests]: class path resource [com/example/springapp/SpringappApplicationTestsContext.groovy] does not exist
11:24:56.581 [main] INFO org.springframework.test.context.support.AbstractContextLoader - Could not detect default resource locations for test class [com.example.springapp.SpringappApplicationTests]: no resource found for suffixes {-context.xml, Context.groovy}.
11:24:56.582 [main] INFO org.springframework.test.context.support.AnnotationConfigContextLoaderUtils - Could not detect default configuration classes for test class [com.example.springapp.SpringappApplicationTests]: SpringappApplicationTests does not declare any static, non-private, non-final, nested classes annotated with @Configuration.
11:24:56.696 [main] DEBUG org.springframework.test.context.support.ActiveProfilesUtils - Could not find an 'annotation declaring class' for annotation type [org.springframework.test.context.ActiveProfiles] and class [com.example.springapp.SpringappApplicationTests]
11:24:56.780 [main] DEBUG org.springframework.context.annotation.ClassPathScanningCandidateComponentProvider - Identified candidate component class: file [/home/coder/project/workspace/springapp/target/classes/com/example/springapp/SpringappApplication.class]
11:24:56.781 [main] INFO org.springframework.boot.test.context.SpringBootTestContextBootstrapper - Found @SpringBootConfiguration com.example.springapp.SpringappApplication for test class com.example.springapp.SpringappApplicationTests
11:24:56.924 [main] DEBUG org.springframework.boot.test.context.SpringBootTestContextBootstrapper - @TestExecutionListeners is not present for class [com.example.springapp.SpringappApplicationTests]: using defaults.
11:24:56.925 [main] INFO org.springframework.boot.test.context.SpringBootTestContextBootstrapper - Loaded default TestExecutionListener class names from location [META-INF/spring.factories]: [org.springframework.boot.test.mock.mockito.MockitoTestExecutionListener, org.springframework.boot.test.mock.mockito.ResetMocksTestExecutionListener, org.springframework.boot.test.autoconfigure.restdocs.RestDocsTestExecutionListener, org.springframework.boot.test.autoconfigure.web.client.MockRestServiceServerResetTestExecutionListener, org.springframework.boot.test.autoconfigure.web.servlet.MockMvcPrintOnlyOnFailureTestExecutionListener, org.springframework.boot.test.autoconfigure.web.servlet.WebDriverTestExecutionListener, org.springframework.boot.test.autoconfigure.webservices.client.MockWebServiceServerTestExecutionListener, org.springframework.test.context.web.ServletTestExecutionListener, org.springframework.test.context.support.DirtiesContextBeforeModesTestExecutionListener, org.springframework.test.context.event.ApplicationEventsTestExecutionListener, org.springframework.test.context.support.DependencyInjectionTestExecutionListener, org.springframework.test.context.support.DirtiesContextTestExecutionListener, org.springframework.test.context.transaction.TransactionalTestExecutionListener, org.springframework.test.context.jdbc.SqlScriptsTestExecutionListener, org.springframework.test.context.event.EventPublishingTestExecutionListener]
11:24:56.945 [main] INFO org.springframework.boot.test.context.SpringBootTestContextBootstrapper - Using TestExecutionListeners: [org.springframework.test.context.web.ServletTestExecutionListener@6955cb39, org.springframework.test.context.support.DirtiesContextBeforeModesTestExecutionListener@235a0c16, org.springframework.test.context.event.ApplicationEventsTestExecutionListener@2b5f4d54, org.springframework.boot.test.mock.mockito.MockitoTestExecutionListener@5f7b97da, org.springframework.boot.test.autoconfigure.SpringBootDependencyInjectionTestExecutionListener@18b0930f, org.springframework.test.context.support.DirtiesContextTestExecutionListener@6b7906b3, org.springframework.test.context.transaction.TransactionalTestExecutionListener@3a1dd365, org.springframework.test.context.jdbc.SqlScriptsTestExecutionListener@395b56bb, org.springframework.test.context.event.EventPublishingTestExecutionListener@256f8274, org.springframework.boot.test.mock.mockito.ResetMocksTestExecutionListener@68044f4, org.springframework.boot.test.autoconfigure.restdocs.RestDocsTestExecutionListener@52d239ba, org.springframework.boot.test.autoconfigure.web.client.MockRestServiceServerResetTestExecutionListener@315f43d5, org.springframework.boot.test.autoconfigure.web.servlet.MockMvcPrintOnlyOnFailureTestExecutionListener@68fa0ba8, org.springframework.boot.test.autoconfigure.web.servlet.WebDriverTestExecutionListener@6c5945a7, org.springframework.boot.test.autoconfigure.webservices.client.MockWebServiceServerTestExecutionListener@2f05be7f]
11:24:56.949 [main] DEBUG org.springframework.test.context.support.AbstractDirtiesContextTestExecutionListener - Before test class: context [DefaultTestContext@74a6a609 testClass = SpringappApplicationTests, testInstance = [null], testMethod = [null], testException = [null], mergedContextConfiguration = [WebMergedContextConfiguration@5a411614 testClass = SpringappApplicationTests, locations = '{}', classes = '{class com.example.springapp.SpringappApplication}', contextInitializerClasses = '[]', activeProfiles = '{}', propertySourceLocations = '{}', propertySourceProperties = '{org.springframework.boot.test.context.SpringBootTestContextBootstrapper=true}', contextCustomizers = set[[ImportsContextCustomizer@2374d36a key = [org.springframework.boot.test.autoconfigure.web.servlet.MockMvcAutoConfiguration, org.springframework.boot.test.autoconfigure.web.servlet.MockMvcWebClientAutoConfiguration, org.springframework.boot.test.autoconfigure.web.servlet.MockMvcWebDriverAutoConfiguration, org.springframework.boot.autoconfigure.security.oauth2.client.servlet.OAuth2ClientAutoConfiguration, org.springframework.boot.autoconfigure.security.oauth2.resource.servlet.OAuth2ResourceServerAutoConfiguration, org.springframework.boot.autoconfigure.security.servlet.SecurityAutoConfiguration, org.springframework.boot.autoconfigure.security.servlet.SecurityFilterAutoConfiguration, org.springframework.boot.autoconfigure.security.servlet.UserDetailsServiceAutoConfiguration, org.springframework.boot.test.autoconfigure.web.servlet.MockMvcSecurityConfiguration, org.springframework.boot.test.autoconfigure.web.reactive.WebTestClientAutoConfiguration]], org.springframework.boot.test.context.filter.ExcludeFilterContextCustomizer@5f20155b, org.springframework.boot.test.json.DuplicateJsonObjectContextCustomizerFactory$DuplicateJsonObjectContextCustomizer@7d94beb9, org.springframework.boot.test.mock.mockito.MockitoContextCustomizer@0, org.springframework.boot.test.web.client.TestRestTemplateContextCustomizer@295cf707, org.springframework.boot.test.autoconfigure.actuate.metrics.MetricsExportContextCustomizerFactory$DisableMetricExportContextCustomizer@5456afaa, org.springframework.boot.test.autoconfigure.properties.PropertyMappingContextCustomizer@4b3fa0b3, org.springframework.boot.test.autoconfigure.web.servlet.WebDriverContextCustomizerFactory$Customizer@1c39680d, org.springframework.boot.test.context.SpringBootTestArgs@1, org.springframework.boot.test.context.SpringBootTestWebEnvironment@5e316c74], resourceBasePath = 'src/main/webapp', contextLoader = 'org.springframework.boot.test.context.SpringBootContextLoader', parent = [null]], attributes = map['org.springframework.test.context.web.ServletTestExecutionListener.activateListener' -> true]], class annotated with @DirtiesContext [false] with mode [null].

  .   ____          _            __ _ _
 /\\ / ___'_ __ _ _(_)_ __  __ _ \ \ \ \
( ( )\___ | '_ | '_| | '_ \/ _` | \ \ \ \
 \\/  ___)| |_)| | | | | || (_| |  ) ) ) )
  '  |____| .__|_| |_|_| |_\__, | / / / /
 =========|_|==============|___/=/_/_/_/
 :: Spring Boot ::                (v2.7.8)

2023-10-09 11:24:57.913  INFO 23357 --- [           main] c.e.springapp.SpringappApplicationTests  : Starting SpringappApplicationTests using Java 11.0.19 on fcbfbefdcec305524027febfaeacbefcecone-0 with PID 23357 (started by coder in /home/coder/project/workspace/springapp)
2023-10-09 11:24:57.916  INFO 23357 --- [           main] c.e.springapp.SpringappApplicationTests  : No active profile set, falling back to 1 default profile: "default"
2023-10-09 11:25:01.088  INFO 23357 --- [           main] o.s.b.t.m.w.SpringBootMockServletContext : Initializing Spring TestDispatcherServlet ''
2023-10-09 11:25:01.088  INFO 23357 --- [           main] o.s.t.web.servlet.TestDispatcherServlet  : Initializing Servlet ''
2023-10-09 11:25:01.089  INFO 23357 --- [           main] o.s.t.web.servlet.TestDispatcherServlet  : Completed initialization in 1 ms
2023-10-09 11:25:01.120  INFO 23357 --- [           main] c.e.springapp.SpringappApplicationTests  : Started SpringappApplicationTests in 4.076 seconds (JVM running for 6.742)

MockHttpServletRequest:
      HTTP Method = PUT
      Request URI = /1
       Parameters = {}
          Headers = [Content-Type:"application/json;charset=UTF-8", Content-Length:"106"]
             Body = {"id": 1, "name": "Updated Medicine", "price": 20.0, "quantity": 10, "description": "Updated Description"}
    Session Attrs = {}

Handler:
             Type = org.springframework.web.servlet.resource.ResourceHttpRequestHandler

Async:
    Async started = false
     Async result = null

Resolved Exception:
             Type = null

ModelAndView:
        View name = null
             View = null
            Model = null

FlashMap:
       Attributes = null

MockHttpServletResponse:
           Status = 404
    Error message = null
          Headers = [Vary:"Origin", "Access-Control-Request-Method", "Access-Control-Request-Headers"]
     Content type = null
             Body = 
    Forwarded URL = null
   Redirected URL = null
          Cookies = []
]]></system-out>
  </testcase>
  <testcase name="testAddMedicineApi" classname="com.example.springapp.SpringappApplicationTests" time="0.029">
    <failure message="Status expected:&lt;200&gt; but was:&lt;404&gt;" type="java.lang.AssertionError"><![CDATA[java.lang.AssertionError: Status expected:<200> but was:<404>
	at com.example.springapp.SpringappApplicationTests.testAddMedicineApi(SpringappApplicationTests.java:32)
]]></failure>
    <system-out><![CDATA[
MockHttpServletRequest:
      HTTP Method = POST
      Request URI = /
       Parameters = {}
          Headers = [Content-Type:"application/json;charset=UTF-8", Content-Length:"93"]
             Body = {"id": 1, "name": "Medicine 1", "price": 10.0, "quantity": 5, "description": "Description 1"}
    Session Attrs = {}

Handler:
             Type = org.springframework.web.servlet.resource.ResourceHttpRequestHandler

Async:
    Async started = false
     Async result = null

Resolved Exception:
             Type = null

ModelAndView:
        View name = null
             View = null
            Model = null

FlashMap:
       Attributes = null

MockHttpServletResponse:
           Status = 404
    Error message = null
          Headers = [Vary:"Origin", "Access-Control-Request-Method", "Access-Control-Request-Headers"]
     Content type = null
             Body = 
    Forwarded URL = null
   Redirected URL = null
          Cookies = []
]]></system-out>
  </testcase>
</testsuite>